This is pdfTeX, Version 3.141592653-2.6-1.40.22 (TeX Live 2022/dev/Debian) (preloaded format=pdflatex 2024.12.13)  12 MAY 2025 20:16
entering extended mode
 restricted \write18 enabled.
 file:line:error style messages enabled.
 %&-line parsing enabled.
**"/home/amar/Desktop/panigrahi sir/compile pdf/compiled_pdf.tex"
(/home/amar/Desktop/panigrahi sir/compile pdf/compiled_pdf.tex
LaTeX2e <2021-11-15> patch level 1
L3 programming layer <2022-01-21> (/usr/share/texlive/texmf-dist/tex/latex/base/article.cls
Document Class: article 2021/10/04 v1.4n Standard LaTeX document class
(/usr/share/texlive/texmf-dist/tex/latex/base/size10.clo
File: size10.clo 2021/10/04 v1.4n Standard LaTeX file (size option)
)
\c@part=\count185
\c@section=\count186
\c@subsection=\count187
\c@subsubsection=\count188
\c@paragraph=\count189
\c@subparagraph=\count190
\c@figure=\count191
\c@table=\count192
\abovecaptionskip=\skip47
\belowcaptionskip=\skip48
\bibindent=\dimen138
) (/usr/share/texlive/texmf-dist/tex/latex/graphics/graphicx.sty
Package: graphicx 2021/09/16 v1.2d Enhanced LaTeX Graphics (DPC,SPQR)
 (/usr/share/texlive/texmf-dist/tex/latex/graphics/keyval.sty
Package: keyval 2014/10/28 v1.15 key=value parser (DPC)
\KV@toks@=\toks16
) (/usr/share/texlive/texmf-dist/tex/latex/graphics/graphics.sty
Package: graphics 2021/03/04 v1.4d Standard LaTeX Graphics (DPC,SPQR)
 (/usr/share/texlive/texmf-dist/tex/latex/graphics/trig.sty
Package: trig 2021/08/11 v1.11 sin cos tan (DPC)
) (/usr/share/texlive/texmf-dist/tex/latex/graphics-cfg/graphics.cfg
File: graphics.cfg 2016/06/04 v1.11 sample graphics configuration
)
Package graphics Info: Driver file: pdftex.def on input line 107.
 (/usr/share/texlive/texmf-dist/tex/latex/graphics-def/pdftex.def
File: pdftex.def 2020/10/05 v1.2a Graphics/color driver for pdftex
))
\Gin@req@height=\dimen139
\Gin@req@width=\dimen140
) (/usr/share/texlive/texmf-dist/tex/latex/geometry/geometry.sty
Package: geometry 2020/01/02 v5.9 Page Geometry
 (/usr/share/texlive/texmf-dist/tex/generic/iftex/ifvtex.sty
Package: ifvtex 2019/10/25 v1.7 ifvtex legacy package. Use iftex instead.
 (/usr/share/texlive/texmf-dist/tex/generic/iftex/iftex.sty
Package: iftex 2020/03/06 v1.0d TeX engine tests
))
\Gm@cnth=\count193
\Gm@cntv=\count194
\c@Gm@tempcnt=\count195
\Gm@bindingoffset=\dimen141
\Gm@wd@mp=\dimen142
\Gm@odd@mp=\dimen143
\Gm@even@mp=\dimen144
\Gm@layoutwidth=\dimen145
\Gm@layoutheight=\dimen146
\Gm@layouthoffset=\dimen147
\Gm@layoutvoffset=\dimen148
\Gm@dimlist=\toks17
)

Package geometry Warning: Over-specification in `h'-direction.
    `width' (483.69684pt) is ignored.


Package geometry Warning: Over-specification in `v'-direction.
    `height' (731.23582pt) is ignored.

(/usr/share/texlive/texmf-dist/tex/latex/graphics/rotating.sty
Package: rotating 2016/08/11 v2.16d rotated objects in LaTeX
 (/usr/share/texlive/texmf-dist/tex/latex/base/ifthen.sty
Package: ifthen 2020/11/24 v1.1c Standard LaTeX ifthen package (DPC)
)
\c@r@tfl@t=\count196
\rotFPtop=\skip49
\rotFPbot=\skip50
\rot@float@box=\box50
\rot@mess@toks=\toks18
) (/usr/share/texlive/texmf-dist/tex/latex/adjustbox/adjustbox.sty
Package: adjustbox 2020/08/19 v1.3 Adjusting TeX boxes (trim, clip, ...)
 (/usr/share/texlive/texmf-dist/tex/latex/xkeyval/xkeyval.sty
Package: xkeyval 2020/11/20 v2.8 package option processing (HA)
 (/usr/share/texlive/texmf-dist/tex/generic/xkeyval/xkeyval.tex (/usr/share/texlive/texmf-dist/tex/generic/xkeyval/xkvutils.tex
\XKV@toks=\toks19
\XKV@tempa@toks=\toks20
)
\XKV@depth=\count197
File: xkeyval.tex 2014/12/03 v2.7a key=value parser (HA)
)) (/usr/share/texlive/texmf-dist/tex/latex/adjustbox/adjcalc.sty
Package: adjcalc 2012/05/16 v1.1 Provides advanced setlength with multiple back-ends (calc, etex, pgfmath)
) (/usr/share/texlive/texmf-dist/tex/latex/adjustbox/trimclip.sty
Package: trimclip 2020/08/19 v1.2 Trim and clip general TeX material
 (/usr/share/texlive/texmf-dist/tex/latex/collectbox/collectbox.sty
Package: collectbox 2012/05/17 v0.4b Collect macro arguments as boxes
\collectedbox=\box51
)
\tc@llx=\dimen149
\tc@lly=\dimen150
\tc@urx=\dimen151
\tc@ury=\dimen152
Package trimclip Info: Using driver 'tc-pdftex.def'.
 (/usr/share/texlive/texmf-dist/tex/latex/adjustbox/tc-pdftex.def
File: tc-pdftex.def 2019/01/04 v2.2 Clipping driver for pdftex
))
\adjbox@Width=\dimen153
\adjbox@Height=\dimen154
\adjbox@Depth=\dimen155
\adjbox@Totalheight=\dimen156
\adjbox@pwidth=\dimen157
\adjbox@pheight=\dimen158
\adjbox@pdepth=\dimen159
\adjbox@ptotalheight=\dimen160
 (/usr/share/texlive/texmf-dist/tex/latex/ifoddpage/ifoddpage.sty
Package: ifoddpage 2016/04/23 v1.1 Conditionals for odd/even page detection
\c@checkoddpage=\count198
) (/usr/share/texlive/texmf-dist/tex/latex/varwidth/varwidth.sty
Package: varwidth 2009/03/30 ver 0.92;  Variable-width minipages
\@vwid@box=\box52
\sift@deathcycles=\count199
\@vwid@loff=\dimen161
\@vwid@roff=\dimen162
)) (/usr/share/texlive/texmf-dist/tex/latex/l3backend/l3backend-pdftex.def
File: l3backend-pdftex.def 2022-01-12 L3 backend support: PDF output (pdfTeX)
\l__color_backend_stack_int=\count266
\l__pdf_internal_box=\box53
) (./compiled_pdf.aux)
\openout1 = `compiled_pdf.aux'.

LaTeX Font Info:    Checking defaults for OML/cmm/m/it on input line 17.
LaTeX Font Info:    ... okay on input line 17.
LaTeX Font Info:    Checking defaults for OMS/cmsy/m/n on input line 17.
LaTeX Font Info:    ... okay on input line 17.
LaTeX Font Info:    Checking defaults for OT1/cmr/m/n on input line 17.
LaTeX Font Info:    ... okay on input line 17.
LaTeX Font Info:    Checking defaults for T1/cmr/m/n on input line 17.
LaTeX Font Info:    ... okay on input line 17.
LaTeX Font Info:    Checking defaults for TS1/cmr/m/n on input line 17.
LaTeX Font Info:    ... okay on input line 17.
LaTeX Font Info:    Checking defaults for OMX/cmex/m/n on input line 17.
LaTeX Font Info:    ... okay on input line 17.
LaTeX Font Info:    Checking defaults for U/cmr/m/n on input line 17.
LaTeX Font Info:    ... okay on input line 17.
 (/usr/share/texlive/texmf-dist/tex/context/base/mkii/supp-pdf.mkii
[Loading MPS to PDF converter (version 2006.09.02).]
\scratchcounter=\count267
\scratchdimen=\dimen163
\scratchbox=\box54
\nofMPsegments=\count268
\nofMParguments=\count269
\everyMPshowfont=\toks21
\MPscratchCnt=\count270
\MPscratchDim=\dimen164
\MPnumerator=\count271
\makeMPintoPDFobject=\count272
\everyMPtoPDFconversion=\toks22
) (/usr/share/texlive/texmf-dist/tex/latex/epstopdf-pkg/epstopdf-base.sty
Package: epstopdf-base 2020-01-24 v2.11 Base part for package epstopdf
Package epstopdf-base Info: Redefining graphics rule for `.eps' on input line 485.
 (/usr/share/texlive/texmf-dist/tex/latex/latexconfig/epstopdf-sys.cfg
File: epstopdf-sys.cfg 2010/07/13 v1.3 Configuration of (r)epstopdf for TeX Live
))
*geometry* driver: auto-detecting
*geometry* detected driver: pdftex
*geometry* verbose mode - [ preamble ] result:
* driver: pdftex
* paper: custom
* layout: <same size as paper>
* layoutoffset:(h,v)=(0.0pt,0.0pt)
* modes: 
* h-part:(L,W,R)=(8.53581pt, 2151.02837pt, 8.53581pt)
* v-part:(T,H,B)=(8.53581pt, 2873.72836pt, 8.53581pt)
* \paperwidth=2168.09999pt
* \paperheight=2890.79999pt
* \textwidth=2151.02837pt
* \textheight=2873.72836pt
* \oddsidemargin=-63.73418pt
* \evensidemargin=-63.73418pt
* \topmargin=-100.73418pt
* \headheight=12.0pt
* \headsep=25.0pt
* \topskip=10.0pt
* \footskip=30.0pt
* \marginparwidth=65.0pt
* \marginparsep=11.0pt
* \columnsep=10.0pt
* \skip\footins=9.0pt plus 4.0pt minus 2.0pt
* \hoffset=0.0pt
* \voffset=0.0pt
* \mag=1000
* \@twocolumnfalse
* \@twosidefalse
* \@mparswitchfalse
* \@reversemarginfalse
* (1in=72.27pt=25.4mm, 1cm=28.453pt)


LaTeX Font Warning: Font shape `OT1/cmr/m/n' in size <32> not available
(Font)              size <24.88> substituted on input line 19.


LaTeX Font Warning: Font shape `OT1/cmr/bx/n' in size <32> not available
(Font)              size <24.88> substituted on input line 21.

LaTeX Font Info:    External font `cmex10' loaded for size
(Font)              <12> on input line 27.
LaTeX Font Info:    External font `cmex10' loaded for size
(Font)              <8> on input line 27.
LaTeX Font Info:    External font `cmex10' loaded for size
(Font)              <6> on input line 27.
<../test_results/aerial_mean.pdf, id=1, 462.52798pt x 346.89601pt>
File: ../test_results/aerial_mean.pdf Graphic file (type pdf)
<use ../test_results/aerial_mean.pdf>
Package pdftex.def Info: ../test_results/aerial_mean.pdf  used on input line 38.
(pdftex.def)             Requested size: 279.64418pt x 209.74304pt.
<../test_results/aerial_mean_psnr.pdf, id=2, 462.52798pt x 346.89601pt>
File: ../test_results/aerial_mean_psnr.pdf Graphic file (type pdf)
<use ../test_results/aerial_mean_psnr.pdf>
Package pdftex.def Info: ../test_results/aerial_mean_psnr.pdf  used on input line 39.
(pdftex.def)             Requested size: 279.64418pt x 209.74304pt.
<../test_results/aerial_2_mean_img.pdf, id=3, 185.0112pt x 185.0112pt>
File: ../test_results/aerial_2_mean_img.pdf Graphic file (type pdf)
<use ../test_results/aerial_2_mean_img.pdf>
Package pdftex.def Info: ../test_results/aerial_2_mean_img.pdf  used on input line 40.
(pdftex.def)             Requested size: 279.64418pt x 279.6588pt.
<../test_results/aerial_4_mean_img.pdf, id=4, 185.0112pt x 185.0112pt>
File: ../test_results/aerial_4_mean_img.pdf Graphic file (type pdf)
<use ../test_results/aerial_4_mean_img.pdf>
Package pdftex.def Info: ../test_results/aerial_4_mean_img.pdf  used on input line 41.
(pdftex.def)             Requested size: 279.64418pt x 279.6588pt.
<../test_results/aerial_6_mean_img.pdf, id=5, 185.0112pt x 185.0112pt>
File: ../test_results/aerial_6_mean_img.pdf Graphic file (type pdf)
<use ../test_results/aerial_6_mean_img.pdf>
Package pdftex.def Info: ../test_results/aerial_6_mean_img.pdf  used on input line 42.
(pdftex.def)             Requested size: 279.64418pt x 279.6588pt.
<../test_results/aerial_8_mean_img.pdf, id=6, 185.0112pt x 185.0112pt>
File: ../test_results/aerial_8_mean_img.pdf Graphic file (type pdf)
<use ../test_results/aerial_8_mean_img.pdf>
Package pdftex.def Info: ../test_results/aerial_8_mean_img.pdf  used on input line 43.
(pdftex.def)             Requested size: 279.64418pt x 279.6588pt.
<../test_results/aerial_10_mean_img.pdf, id=7, 185.0112pt x 185.0112pt>
File: ../test_results/aerial_10_mean_img.pdf Graphic file (type pdf)
<use ../test_results/aerial_10_mean_img.pdf>
Package pdftex.def Info: ../test_results/aerial_10_mean_img.pdf  used on input line 44.
(pdftex.def)             Requested size: 279.64418pt x 279.6588pt.
<../test_results/aerial_mode.pdf, id=8, 462.52798pt x 346.89601pt>
File: ../test_results/aerial_mode.pdf Graphic file (type pdf)
<use ../test_results/aerial_mode.pdf>
Package pdftex.def Info: ../test_results/aerial_mode.pdf  used on input line 47.
(pdftex.def)             Requested size: 279.64418pt x 209.74304pt.
<../test_results/aerial_mode_psnr.pdf, id=9, 462.52798pt x 346.89601pt>
File: ../test_results/aerial_mode_psnr.pdf Graphic file (type pdf)
<use ../test_results/aerial_mode_psnr.pdf>
Package pdftex.def Info: ../test_results/aerial_mode_psnr.pdf  used on input line 48.
(pdftex.def)             Requested size: 279.64418pt x 209.74304pt.
<../test_results/aerial_2_mode_img.pdf, id=10, 185.0112pt x 185.0112pt>
File: ../test_results/aerial_2_mode_img.pdf Graphic file (type pdf)
<use ../test_results/aerial_2_mode_img.pdf>
Package pdftex.def Info: ../test_results/aerial_2_mode_img.pdf  used on input line 49.
(pdftex.def)             Requested size: 279.64418pt x 279.6588pt.
<../test_results/aerial_4_mode_img.pdf, id=11, 185.0112pt x 185.0112pt>
File: ../test_results/aerial_4_mode_img.pdf Graphic file (type pdf)
<use ../test_results/aerial_4_mode_img.pdf>
Package pdftex.def Info: ../test_results/aerial_4_mode_img.pdf  used on input line 50.
(pdftex.def)             Requested size: 279.64418pt x 279.6588pt.
<../test_results/aerial_6_mode_img.pdf, id=12, 185.0112pt x 185.0112pt>
File: ../test_results/aerial_6_mode_img.pdf Graphic file (type pdf)
<use ../test_results/aerial_6_mode_img.pdf>
Package pdftex.def Info: ../test_results/aerial_6_mode_img.pdf  used on input line 51.
(pdftex.def)             Requested size: 279.64418pt x 279.6588pt.
<../test_results/aerial_8_mode_img.pdf, id=13, 185.0112pt x 185.0112pt>
File: ../test_results/aerial_8_mode_img.pdf Graphic file (type pdf)
<use ../test_results/aerial_8_mode_img.pdf>
Package pdftex.def Info: ../test_results/aerial_8_mode_img.pdf  used on input line 52.
(pdftex.def)             Requested size: 279.64418pt x 279.6588pt.
<../test_results/aerial_10_mode_img.pdf, id=14, 185.0112pt x 185.0112pt>
File: ../test_results/aerial_10_mode_img.pdf Graphic file (type pdf)
<use ../test_results/aerial_10_mode_img.pdf>
Package pdftex.def Info: ../test_results/aerial_10_mode_img.pdf  used on input line 53.
(pdftex.def)             Requested size: 279.64418pt x 279.6588pt.
<../test_results/baboon_mean.pdf, id=15, 462.52798pt x 346.89601pt>
File: ../test_results/baboon_mean.pdf Graphic file (type pdf)
<use ../test_results/baboon_mean.pdf>
Package pdftex.def Info: ../test_results/baboon_mean.pdf  used on input line 77.
(pdftex.def)             Requested size: 279.64418pt x 209.74304pt.
<../test_results/baboon_mean_psnr.pdf, id=16, 462.52798pt x 346.89601pt>
File: ../test_results/baboon_mean_psnr.pdf Graphic file (type pdf)
<use ../test_results/baboon_mean_psnr.pdf>
Package pdftex.def Info: ../test_results/baboon_mean_psnr.pdf  used on input line 78.
(pdftex.def)             Requested size: 279.64418pt x 209.74304pt.
<../test_results/baboon_2_mean_img.pdf, id=17, 370.02242pt x 370.02242pt>
File: ../test_results/baboon_2_mean_img.pdf Graphic file (type pdf)
<use ../test_results/baboon_2_mean_img.pdf>
Package pdftex.def Info: ../test_results/baboon_2_mean_img.pdf  used on input line 79.
(pdftex.def)             Requested size: 279.64418pt x 279.65598pt.
<../test_results/baboon_4_mean_img.pdf, id=18, 370.02242pt x 370.02242pt>
File: ../test_results/baboon_4_mean_img.pdf Graphic file (type pdf)
<use ../test_results/baboon_4_mean_img.pdf>
Package pdftex.def Info: ../test_results/baboon_4_mean_img.pdf  used on input line 80.
(pdftex.def)             Requested size: 279.64418pt x 279.65598pt.
<../test_results/baboon_6_mean_img.pdf, id=19, 370.02242pt x 370.02242pt>
File: ../test_results/baboon_6_mean_img.pdf Graphic file (type pdf)
<use ../test_results/baboon_6_mean_img.pdf>
Package pdftex.def Info: ../test_results/baboon_6_mean_img.pdf  used on input line 81.
(pdftex.def)             Requested size: 279.64418pt x 279.65598pt.
<../test_results/baboon_8_mean_img.pdf, id=20, 370.02242pt x 370.02242pt>
File: ../test_results/baboon_8_mean_img.pdf Graphic file (type pdf)
<use ../test_results/baboon_8_mean_img.pdf>
Package pdftex.def Info: ../test_results/baboon_8_mean_img.pdf  used on input line 82.
(pdftex.def)             Requested size: 279.64418pt x 279.65598pt.
<../test_results/baboon_10_mean_img.pdf, id=21, 370.02242pt x 370.02242pt>
File: ../test_results/baboon_10_mean_img.pdf Graphic file (type pdf)
<use ../test_results/baboon_10_mean_img.pdf>
Package pdftex.def Info: ../test_results/baboon_10_mean_img.pdf  used on input line 83.
(pdftex.def)             Requested size: 279.64418pt x 279.65598pt.
<../test_results/baboon_mode.pdf, id=22, 462.52798pt x 346.89601pt>
File: ../test_results/baboon_mode.pdf Graphic file (type pdf)
<use ../test_results/baboon_mode.pdf>
Package pdftex.def Info: ../test_results/baboon_mode.pdf  used on input line 86.
(pdftex.def)             Requested size: 279.64418pt x 209.74304pt.
<../test_results/baboon_mode_psnr.pdf, id=23, 462.52798pt x 346.89601pt>
File: ../test_results/baboon_mode_psnr.pdf Graphic file (type pdf)
<use ../test_results/baboon_mode_psnr.pdf>
Package pdftex.def Info: ../test_results/baboon_mode_psnr.pdf  used on input line 87.
(pdftex.def)             Requested size: 279.64418pt x 209.74304pt.
<../test_results/baboon_2_mode_img.pdf, id=24, 370.02242pt x 370.02242pt>
File: ../test_results/baboon_2_mode_img.pdf Graphic file (type pdf)
<use ../test_results/baboon_2_mode_img.pdf>
Package pdftex.def Info: ../test_results/baboon_2_mode_img.pdf  used on input line 88.
(pdftex.def)             Requested size: 279.64418pt x 279.65598pt.
<../test_results/baboon_4_mode_img.pdf, id=25, 370.02242pt x 370.02242pt>
File: ../test_results/baboon_4_mode_img.pdf Graphic file (type pdf)
<use ../test_results/baboon_4_mode_img.pdf>
Package pdftex.def Info: ../test_results/baboon_4_mode_img.pdf  used on input line 89.
(pdftex.def)             Requested size: 279.64418pt x 279.65598pt.
<../test_results/baboon_6_mode_img.pdf, id=26, 370.02242pt x 370.02242pt>
File: ../test_results/baboon_6_mode_img.pdf Graphic file (type pdf)
<use ../test_results/baboon_6_mode_img.pdf>
Package pdftex.def Info: ../test_results/baboon_6_mode_img.pdf  used on input line 90.
(pdftex.def)             Requested size: 279.64418pt x 279.65598pt.
<../test_results/baboon_8_mode_img.pdf, id=27, 370.02242pt x 370.02242pt>
File: ../test_results/baboon_8_mode_img.pdf Graphic file (type pdf)
<use ../test_results/baboon_8_mode_img.pdf>
Package pdftex.def Info: ../test_results/baboon_8_mode_img.pdf  used on input line 91.
(pdftex.def)             Requested size: 279.64418pt x 279.65598pt.
<../test_results/baboon_10_mode_img.pdf, id=28, 370.02242pt x 370.02242pt>
File: ../test_results/baboon_10_mode_img.pdf Graphic file (type pdf)
<use ../test_results/baboon_10_mode_img.pdf>
Package pdftex.def Info: ../test_results/baboon_10_mode_img.pdf  used on input line 92.
(pdftex.def)             Requested size: 279.64418pt x 279.65598pt.
<../test_results/boat_mean.pdf, id=29, 462.52798pt x 346.89601pt>
File: ../test_results/boat_mean.pdf Graphic file (type pdf)
<use ../test_results/boat_mean.pdf>
Package pdftex.def Info: ../test_results/boat_mean.pdf  used on input line 116.
(pdftex.def)             Requested size: 279.64418pt x 209.74304pt.
<../test_results/boat_mean_psnr.pdf, id=30, 462.52798pt x 346.89601pt>
File: ../test_results/boat_mean_psnr.pdf Graphic file (type pdf)
<use ../test_results/boat_mean_psnr.pdf>
Package pdftex.def Info: ../test_results/boat_mean_psnr.pdf  used on input line 117.
(pdftex.def)             Requested size: 279.64418pt x 209.74304pt.
<../test_results/boat_2_mean_img.pdf, id=31, 370.02242pt x 370.02242pt>
File: ../test_results/boat_2_mean_img.pdf Graphic file (type pdf)
<use ../test_results/boat_2_mean_img.pdf>
Package pdftex.def Info: ../test_results/boat_2_mean_img.pdf  used on input line 118.
(pdftex.def)             Requested size: 279.64418pt x 279.65598pt.
<../test_results/boat_4_mean_img.pdf, id=32, 370.02242pt x 370.02242pt>
File: ../test_results/boat_4_mean_img.pdf Graphic file (type pdf)
<use ../test_results/boat_4_mean_img.pdf>
Package pdftex.def Info: ../test_results/boat_4_mean_img.pdf  used on input line 119.
(pdftex.def)             Requested size: 279.64418pt x 279.65598pt.
<../test_results/boat_6_mean_img.pdf, id=33, 370.02242pt x 370.02242pt>
File: ../test_results/boat_6_mean_img.pdf Graphic file (type pdf)
<use ../test_results/boat_6_mean_img.pdf>
Package pdftex.def Info: ../test_results/boat_6_mean_img.pdf  used on input line 120.
(pdftex.def)             Requested size: 279.64418pt x 279.65598pt.
<../test_results/boat_8_mean_img.pdf, id=34, 370.02242pt x 370.02242pt>
File: ../test_results/boat_8_mean_img.pdf Graphic file (type pdf)
<use ../test_results/boat_8_mean_img.pdf>
Package pdftex.def Info: ../test_results/boat_8_mean_img.pdf  used on input line 121.
(pdftex.def)             Requested size: 279.64418pt x 279.65598pt.
<../test_results/boat_10_mean_img.pdf, id=35, 370.02242pt x 370.02242pt>
File: ../test_results/boat_10_mean_img.pdf Graphic file (type pdf)
<use ../test_results/boat_10_mean_img.pdf>
Package pdftex.def Info: ../test_results/boat_10_mean_img.pdf  used on input line 122.
(pdftex.def)             Requested size: 279.64418pt x 279.65598pt.
<../test_results/boat_mode.pdf, id=36, 462.52798pt x 346.89601pt>
File: ../test_results/boat_mode.pdf Graphic file (type pdf)
<use ../test_results/boat_mode.pdf>
Package pdftex.def Info: ../test_results/boat_mode.pdf  used on input line 125.
(pdftex.def)             Requested size: 279.64418pt x 209.74304pt.
<../test_results/boat_mode_psnr.pdf, id=37, 462.52798pt x 346.89601pt>
File: ../test_results/boat_mode_psnr.pdf Graphic file (type pdf)
<use ../test_results/boat_mode_psnr.pdf>
Package pdftex.def Info: ../test_results/boat_mode_psnr.pdf  used on input line 126.
(pdftex.def)             Requested size: 279.64418pt x 209.74304pt.
<../test_results/boat_2_mode_img.pdf, id=38, 370.02242pt x 370.02242pt>
File: ../test_results/boat_2_mode_img.pdf Graphic file (type pdf)
<use ../test_results/boat_2_mode_img.pdf>
Package pdftex.def Info: ../test_results/boat_2_mode_img.pdf  used on input line 127.
(pdftex.def)             Requested size: 279.64418pt x 279.65598pt.
<../test_results/boat_4_mode_img.pdf, id=39, 370.02242pt x 370.02242pt>
File: ../test_results/boat_4_mode_img.pdf Graphic file (type pdf)
<use ../test_results/boat_4_mode_img.pdf>
Package pdftex.def Info: ../test_results/boat_4_mode_img.pdf  used on input line 128.
(pdftex.def)             Requested size: 279.64418pt x 279.65598pt.
<../test_results/boat_6_mode_img.pdf, id=40, 370.02242pt x 370.02242pt>
File: ../test_results/boat_6_mode_img.pdf Graphic file (type pdf)
<use ../test_results/boat_6_mode_img.pdf>
Package pdftex.def Info: ../test_results/boat_6_mode_img.pdf  used on input line 129.
(pdftex.def)             Requested size: 279.64418pt x 279.65598pt.
<../test_results/boat_8_mode_img.pdf, id=41, 370.02242pt x 370.02242pt>
File: ../test_results/boat_8_mode_img.pdf Graphic file (type pdf)
<use ../test_results/boat_8_mode_img.pdf>
Package pdftex.def Info: ../test_results/boat_8_mode_img.pdf  used on input line 130.
(pdftex.def)             Requested size: 279.64418pt x 279.65598pt.
<../test_results/boat_10_mode_img.pdf, id=42, 370.02242pt x 370.02242pt>
File: ../test_results/boat_10_mode_img.pdf Graphic file (type pdf)
<use ../test_results/boat_10_mode_img.pdf>
Package pdftex.def Info: ../test_results/boat_10_mode_img.pdf  used on input line 131.
(pdftex.def)             Requested size: 279.64418pt x 279.65598pt.
<../test_results/house_mean.pdf, id=43, 462.52798pt x 346.89601pt>
File: ../test_results/house_mean.pdf Graphic file (type pdf)
<use ../test_results/house_mean.pdf>
Package pdftex.def Info: ../test_results/house_mean.pdf  used on input line 155.
(pdftex.def)             Requested size: 279.64418pt x 209.74304pt.
<../test_results/house_mean_psnr.pdf, id=44, 462.52798pt x 346.89601pt>
File: ../test_results/house_mean_psnr.pdf Graphic file (type pdf)
<use ../test_results/house_mean_psnr.pdf>
Package pdftex.def Info: ../test_results/house_mean_psnr.pdf  used on input line 156.
(pdftex.def)             Requested size: 279.64418pt x 209.74304pt.
<../test_results/house_2_mean_img.pdf, id=45, 185.0112pt x 185.0112pt>
File: ../test_results/house_2_mean_img.pdf Graphic file (type pdf)
<use ../test_results/house_2_mean_img.pdf>
Package pdftex.def Info: ../test_results/house_2_mean_img.pdf  used on input line 157.
(pdftex.def)             Requested size: 279.64418pt x 279.6588pt.
<../test_results/house_4_mean_img.pdf, id=46, 185.0112pt x 185.0112pt>
File: ../test_results/house_4_mean_img.pdf Graphic file (type pdf)
<use ../test_results/house_4_mean_img.pdf>
Package pdftex.def Info: ../test_results/house_4_mean_img.pdf  used on input line 158.
(pdftex.def)             Requested size: 279.64418pt x 279.6588pt.
<../test_results/house_6_mean_img.pdf, id=47, 185.0112pt x 185.0112pt>
File: ../test_results/house_6_mean_img.pdf Graphic file (type pdf)
<use ../test_results/house_6_mean_img.pdf>
Package pdftex.def Info: ../test_results/house_6_mean_img.pdf  used on input line 159.
(pdftex.def)             Requested size: 279.64418pt x 279.6588pt.
<../test_results/house_8_mean_img.pdf, id=48, 185.0112pt x 185.0112pt>
File: ../test_results/house_8_mean_img.pdf Graphic file (type pdf)
<use ../test_results/house_8_mean_img.pdf>
Package pdftex.def Info: ../test_results/house_8_mean_img.pdf  used on input line 160.
(pdftex.def)             Requested size: 279.64418pt x 279.6588pt.
<../test_results/house_10_mean_img.pdf, id=49, 185.0112pt x 185.0112pt>
File: ../test_results/house_10_mean_img.pdf Graphic file (type pdf)
<use ../test_results/house_10_mean_img.pdf>
Package pdftex.def Info: ../test_results/house_10_mean_img.pdf  used on input line 161.
(pdftex.def)             Requested size: 279.64418pt x 279.6588pt.
<../test_results/house_mode.pdf, id=50, 462.52798pt x 346.89601pt>
File: ../test_results/house_mode.pdf Graphic file (type pdf)
<use ../test_results/house_mode.pdf>
Package pdftex.def Info: ../test_results/house_mode.pdf  used on input line 164.
(pdftex.def)             Requested size: 279.64418pt x 209.74304pt.
<../test_results/house_mode_psnr.pdf, id=51, 462.52798pt x 346.89601pt>
File: ../test_results/house_mode_psnr.pdf Graphic file (type pdf)
<use ../test_results/house_mode_psnr.pdf>
Package pdftex.def Info: ../test_results/house_mode_psnr.pdf  used on input line 165.
(pdftex.def)             Requested size: 279.64418pt x 209.74304pt.
<../test_results/house_2_mode_img.pdf, id=52, 185.0112pt x 185.0112pt>
File: ../test_results/house_2_mode_img.pdf Graphic file (type pdf)
<use ../test_results/house_2_mode_img.pdf>
Package pdftex.def Info: ../test_results/house_2_mode_img.pdf  used on input line 166.
(pdftex.def)             Requested size: 279.64418pt x 279.6588pt.
<../test_results/house_4_mode_img.pdf, id=53, 185.0112pt x 185.0112pt>
File: ../test_results/house_4_mode_img.pdf Graphic file (type pdf)
<use ../test_results/house_4_mode_img.pdf>
Package pdftex.def Info: ../test_results/house_4_mode_img.pdf  used on input line 167.
(pdftex.def)             Requested size: 279.64418pt x 279.6588pt.
<../test_results/house_6_mode_img.pdf, id=54, 185.0112pt x 185.0112pt>
File: ../test_results/house_6_mode_img.pdf Graphic file (type pdf)
<use ../test_results/house_6_mode_img.pdf>
Package pdftex.def Info: ../test_results/house_6_mode_img.pdf  used on input line 168.
(pdftex.def)             Requested size: 279.64418pt x 279.6588pt.
<../test_results/house_8_mode_img.pdf, id=55, 185.0112pt x 185.0112pt>
File: ../test_results/house_8_mode_img.pdf Graphic file (type pdf)
<use ../test_results/house_8_mode_img.pdf>
Package pdftex.def Info: ../test_results/house_8_mode_img.pdf  used on input line 169.
(pdftex.def)             Requested size: 279.64418pt x 279.6588pt.
<../test_results/house_10_mode_img.pdf, id=56, 185.0112pt x 185.0112pt>
File: ../test_results/house_10_mode_img.pdf Graphic file (type pdf)
<use ../test_results/house_10_mode_img.pdf>
Package pdftex.def Info: ../test_results/house_10_mode_img.pdf  used on input line 170.
(pdftex.def)             Requested size: 279.64418pt x 279.6588pt.
<../test_results/jet_mean.pdf, id=57, 462.52798pt x 346.89601pt>
File: ../test_results/jet_mean.pdf Graphic file (type pdf)
<use ../test_results/jet_mean.pdf>
Package pdftex.def Info: ../test_results/jet_mean.pdf  used on input line 194.
(pdftex.def)             Requested size: 279.64418pt x 209.74304pt.
<../test_results/jet_mean_psnr.pdf, id=58, 462.52798pt x 346.89601pt>
File: ../test_results/jet_mean_psnr.pdf Graphic file (type pdf)
<use ../test_results/jet_mean_psnr.pdf>
Package pdftex.def Info: ../test_results/jet_mean_psnr.pdf  used on input line 195.
(pdftex.def)             Requested size: 279.64418pt x 209.74304pt.
<../test_results/jet_2_mean_img.pdf, id=59, 370.02242pt x 370.02242pt>
File: ../test_results/jet_2_mean_img.pdf Graphic file (type pdf)
<use ../test_results/jet_2_mean_img.pdf>
Package pdftex.def Info: ../test_results/jet_2_mean_img.pdf  used on input line 196.
(pdftex.def)             Requested size: 279.64418pt x 279.65598pt.
<../test_results/jet_4_mean_img.pdf, id=60, 370.02242pt x 370.02242pt>
File: ../test_results/jet_4_mean_img.pdf Graphic file (type pdf)
<use ../test_results/jet_4_mean_img.pdf>
Package pdftex.def Info: ../test_results/jet_4_mean_img.pdf  used on input line 197.
(pdftex.def)             Requested size: 279.64418pt x 279.65598pt.
<../test_results/jet_6_mean_img.pdf, id=61, 370.02242pt x 370.02242pt>
File: ../test_results/jet_6_mean_img.pdf Graphic file (type pdf)
<use ../test_results/jet_6_mean_img.pdf>
Package pdftex.def Info: ../test_results/jet_6_mean_img.pdf  used on input line 198.
(pdftex.def)             Requested size: 279.64418pt x 279.65598pt.
<../test_results/jet_8_mean_img.pdf, id=62, 370.02242pt x 370.02242pt>
File: ../test_results/jet_8_mean_img.pdf Graphic file (type pdf)
<use ../test_results/jet_8_mean_img.pdf>
Package pdftex.def Info: ../test_results/jet_8_mean_img.pdf  used on input line 199.
(pdftex.def)             Requested size: 279.64418pt x 279.65598pt.
<../test_results/jet_10_mean_img.pdf, id=63, 370.02242pt x 370.02242pt>
File: ../test_results/jet_10_mean_img.pdf Graphic file (type pdf)
<use ../test_results/jet_10_mean_img.pdf>
Package pdftex.def Info: ../test_results/jet_10_mean_img.pdf  used on input line 200.
(pdftex.def)             Requested size: 279.64418pt x 279.65598pt.
<../test_results/jet_mode.pdf, id=64, 462.52798pt x 346.89601pt>
File: ../test_results/jet_mode.pdf Graphic file (type pdf)
<use ../test_results/jet_mode.pdf>
Package pdftex.def Info: ../test_results/jet_mode.pdf  used on input line 203.
(pdftex.def)             Requested size: 279.64418pt x 209.74304pt.
<../test_results/jet_mode_psnr.pdf, id=65, 462.52798pt x 346.89601pt>
File: ../test_results/jet_mode_psnr.pdf Graphic file (type pdf)
<use ../test_results/jet_mode_psnr.pdf>
Package pdftex.def Info: ../test_results/jet_mode_psnr.pdf  used on input line 204.
(pdftex.def)             Requested size: 279.64418pt x 209.74304pt.
<../test_results/jet_2_mode_img.pdf, id=66, 370.02242pt x 370.02242pt>
File: ../test_results/jet_2_mode_img.pdf Graphic file (type pdf)
<use ../test_results/jet_2_mode_img.pdf>
Package pdftex.def Info: ../test_results/jet_2_mode_img.pdf  used on input line 205.
(pdftex.def)             Requested size: 279.64418pt x 279.65598pt.
<../test_results/jet_4_mode_img.pdf, id=67, 370.02242pt x 370.02242pt>
File: ../test_results/jet_4_mode_img.pdf Graphic file (type pdf)
<use ../test_results/jet_4_mode_img.pdf>
Package pdftex.def Info: ../test_results/jet_4_mode_img.pdf  used on input line 206.
(pdftex.def)             Requested size: 279.64418pt x 279.65598pt.
<../test_results/jet_6_mode_img.pdf, id=68, 370.02242pt x 370.02242pt>
File: ../test_results/jet_6_mode_img.pdf Graphic file (type pdf)
<use ../test_results/jet_6_mode_img.pdf>
Package pdftex.def Info: ../test_results/jet_6_mode_img.pdf  used on input line 207.
(pdftex.def)             Requested size: 279.64418pt x 279.65598pt.
<../test_results/jet_8_mode_img.pdf, id=69, 370.02242pt x 370.02242pt>
File: ../test_results/jet_8_mode_img.pdf Graphic file (type pdf)
<use ../test_results/jet_8_mode_img.pdf>
Package pdftex.def Info: ../test_results/jet_8_mode_img.pdf  used on input line 208.
(pdftex.def)             Requested size: 279.64418pt x 279.65598pt.
<../test_results/jet_10_mode_img.pdf, id=70, 370.02242pt x 370.02242pt>
File: ../test_results/jet_10_mode_img.pdf Graphic file (type pdf)
<use ../test_results/jet_10_mode_img.pdf>
Package pdftex.def Info: ../test_results/jet_10_mode_img.pdf  used on input line 209.
(pdftex.def)             Requested size: 279.64418pt x 279.65598pt.
[1

{/var/lib/texmf/fonts/map/pdftex/updmap/pdftex.map} <../test_results/aerial_mean.pdf> <../test_results/aerial_mean_psnr.pdf> <../test_results/aerial_2_mean_img.pdf> <../test_results/aerial_4_mean_img.pdf> <../test_results/aerial_6_mean_img.pdf> <../test_results/aerial_8_mean_img.pdf> <../test_results/aerial_10_mean_img.pdf> <../test_results/aerial_mode.pdf> <../test_results/aerial_mode_psnr.pdf> <../test_results/aerial_2_mode_img.pdf> <../test_results/aerial_4_mode_img.pdf> <../test_results/aerial_6_mode_img.pdf> <../test_results/aerial_8_mode_img.pdf> <../test_results/aerial_10_mode_img.pdf> <../test_results/baboon_mean.pdf> <../test_results/baboon_mean_psnr.pdf> <../test_results/baboon_2_mean_img.pdf> <../test_results/baboon_4_mean_img.pdf> <../test_results/baboon_6_mean_img.pdf> <../test_results/baboon_8_mean_img.pdf> <../test_results/baboon_10_mean_img.pdf> <../test_results/baboon_mode.pdf> <../test_results/baboon_mode_psnr.pdf> <../test_results/baboon_2_mode_img.pdf> <../test_results/baboon_4_mode_img.pdf> <../test_results/baboon_6_mode_img.pdf> <../test_results/baboon_8_mode_img.pdf> <../test_results/baboon_10_mode_img.pdf> <../test_results/boat_mean.pdf> <../test_results/boat_mean_psnr.pdf> <../test_results/boat_2_mean_img.pdf> <../test_results/boat_4_mean_img.pdf> <../test_results/boat_6_mean_img.pdf> <../test_results/boat_8_mean_img.pdf> <../test_results/boat_10_mean_img.pdf> <../test_results/boat_mode.pdf> <../test_results/boat_mode_psnr.pdf> <../test_results/boat_2_mode_img.pdf> <../test_results/boat_4_mode_img.pdf> <../test_results/boat_6_mode_img.pdf> <../test_results/boat_8_mode_img.pdf> <../test_results/boat_10_mode_img.pdf> <../test_results/house_mean.pdf> <../test_results/house_mean_psnr.pdf> <../test_results/house_2_mean_img.pdf> <../test_results/house_4_mean_img.pdf> <../test_results/house_6_mean_img.pdf> <../test_results/house_8_mean_img.pdf> <../test_results/house_10_mean_img.pdf> <../test_results/house_mode.pdf> <../test_results/house_mode_psnr.pdf> <../test_results/house_2_mode_img.pdf> <../test_results/house_4_mode_img.pdf> <../test_results/house_6_mode_img.pdf> <../test_results/house_8_mode_img.pdf> <../test_results/house_10_mode_img.pdf>]
<../test_results/lena_mean.pdf, id=818, 462.52798pt x 346.89601pt>
File: ../test_results/lena_mean.pdf Graphic file (type pdf)
<use ../test_results/lena_mean.pdf>
Package pdftex.def Info: ../test_results/lena_mean.pdf  used on input line 233.
(pdftex.def)             Requested size: 279.64418pt x 209.74304pt.
<../test_results/lena_mean_psnr.pdf, id=819, 462.52798pt x 346.89601pt>
File: ../test_results/lena_mean_psnr.pdf Graphic file (type pdf)
<use ../test_results/lena_mean_psnr.pdf>
Package pdftex.def Info: ../test_results/lena_mean_psnr.pdf  used on input line 234.
(pdftex.def)             Requested size: 279.64418pt x 209.74304pt.
<../test_results/lena_2_mean_img.pdf, id=820, 370.02242pt x 370.02242pt>
File: ../test_results/lena_2_mean_img.pdf Graphic file (type pdf)
<use ../test_results/lena_2_mean_img.pdf>
Package pdftex.def Info: ../test_results/lena_2_mean_img.pdf  used on input line 235.
(pdftex.def)             Requested size: 279.64418pt x 279.65598pt.
<../test_results/lena_4_mean_img.pdf, id=821, 370.02242pt x 370.02242pt>
File: ../test_results/lena_4_mean_img.pdf Graphic file (type pdf)
<use ../test_results/lena_4_mean_img.pdf>
Package pdftex.def Info: ../test_results/lena_4_mean_img.pdf  used on input line 236.
(pdftex.def)             Requested size: 279.64418pt x 279.65598pt.
<../test_results/lena_6_mean_img.pdf, id=822, 370.02242pt x 370.02242pt>
File: ../test_results/lena_6_mean_img.pdf Graphic file (type pdf)
<use ../test_results/lena_6_mean_img.pdf>
Package pdftex.def Info: ../test_results/lena_6_mean_img.pdf  used on input line 237.
(pdftex.def)             Requested size: 279.64418pt x 279.65598pt.
<../test_results/lena_8_mean_img.pdf, id=823, 370.02242pt x 370.02242pt>
File: ../test_results/lena_8_mean_img.pdf Graphic file (type pdf)
<use ../test_results/lena_8_mean_img.pdf>
Package pdftex.def Info: ../test_results/lena_8_mean_img.pdf  used on input line 238.
(pdftex.def)             Requested size: 279.64418pt x 279.65598pt.
<../test_results/lena_10_mean_img.pdf, id=824, 370.02242pt x 370.02242pt>
File: ../test_results/lena_10_mean_img.pdf Graphic file (type pdf)
<use ../test_results/lena_10_mean_img.pdf>
Package pdftex.def Info: ../test_results/lena_10_mean_img.pdf  used on input line 239.
(pdftex.def)             Requested size: 279.64418pt x 279.65598pt.
<../test_results/lena_mode.pdf, id=825, 462.52798pt x 346.89601pt>
File: ../test_results/lena_mode.pdf Graphic file (type pdf)
<use ../test_results/lena_mode.pdf>
Package pdftex.def Info: ../test_results/lena_mode.pdf  used on input line 242.
(pdftex.def)             Requested size: 279.64418pt x 209.74304pt.
<../test_results/lena_mode_psnr.pdf, id=826, 462.52798pt x 346.89601pt>
File: ../test_results/lena_mode_psnr.pdf Graphic file (type pdf)
<use ../test_results/lena_mode_psnr.pdf>
Package pdftex.def Info: ../test_results/lena_mode_psnr.pdf  used on input line 243.
(pdftex.def)             Requested size: 279.64418pt x 209.74304pt.
<../test_results/lena_2_mode_img.pdf, id=827, 370.02242pt x 370.02242pt>
File: ../test_results/lena_2_mode_img.pdf Graphic file (type pdf)
<use ../test_results/lena_2_mode_img.pdf>
Package pdftex.def Info: ../test_results/lena_2_mode_img.pdf  used on input line 244.
(pdftex.def)             Requested size: 279.64418pt x 279.65598pt.
<../test_results/lena_4_mode_img.pdf, id=828, 370.02242pt x 370.02242pt>
File: ../test_results/lena_4_mode_img.pdf Graphic file (type pdf)
<use ../test_results/lena_4_mode_img.pdf>
Package pdftex.def Info: ../test_results/lena_4_mode_img.pdf  used on input line 245.
(pdftex.def)             Requested size: 279.64418pt x 279.65598pt.
<../test_results/lena_6_mode_img.pdf, id=829, 370.02242pt x 370.02242pt>
File: ../test_results/lena_6_mode_img.pdf Graphic file (type pdf)
<use ../test_results/lena_6_mode_img.pdf>
Package pdftex.def Info: ../test_results/lena_6_mode_img.pdf  used on input line 246.
(pdftex.def)             Requested size: 279.64418pt x 279.65598pt.
<../test_results/lena_8_mode_img.pdf, id=830, 370.02242pt x 370.02242pt>
File: ../test_results/lena_8_mode_img.pdf Graphic file (type pdf)
<use ../test_results/lena_8_mode_img.pdf>
Package pdftex.def Info: ../test_results/lena_8_mode_img.pdf  used on input line 247.
(pdftex.def)             Requested size: 279.64418pt x 279.65598pt.
<../test_results/lena_10_mode_img.pdf, id=831, 370.02242pt x 370.02242pt>
File: ../test_results/lena_10_mode_img.pdf Graphic file (type pdf)
<use ../test_results/lena_10_mode_img.pdf>
Package pdftex.def Info: ../test_results/lena_10_mode_img.pdf  used on input line 248.
(pdftex.def)             Requested size: 279.64418pt x 279.65598pt.
<../test_results/moon_mean.pdf, id=832, 462.52798pt x 346.89601pt>
File: ../test_results/moon_mean.pdf Graphic file (type pdf)
<use ../test_results/moon_mean.pdf>
Package pdftex.def Info: ../test_results/moon_mean.pdf  used on input line 272.
(pdftex.def)             Requested size: 279.64418pt x 209.74304pt.
<../test_results/moon_mean_psnr.pdf, id=833, 462.52798pt x 346.89601pt>
File: ../test_results/moon_mean_psnr.pdf Graphic file (type pdf)
<use ../test_results/moon_mean_psnr.pdf>
Package pdftex.def Info: ../test_results/moon_mean_psnr.pdf  used on input line 273.
(pdftex.def)             Requested size: 279.64418pt x 209.74304pt.
<../test_results/moon_2_mean_img.pdf, id=834, 185.0112pt x 185.0112pt>
File: ../test_results/moon_2_mean_img.pdf Graphic file (type pdf)
<use ../test_results/moon_2_mean_img.pdf>
Package pdftex.def Info: ../test_results/moon_2_mean_img.pdf  used on input line 274.
(pdftex.def)             Requested size: 279.64418pt x 279.6588pt.
<../test_results/moon_4_mean_img.pdf, id=835, 185.0112pt x 185.0112pt>
File: ../test_results/moon_4_mean_img.pdf Graphic file (type pdf)
<use ../test_results/moon_4_mean_img.pdf>
Package pdftex.def Info: ../test_results/moon_4_mean_img.pdf  used on input line 275.
(pdftex.def)             Requested size: 279.64418pt x 279.6588pt.
<../test_results/moon_6_mean_img.pdf, id=836, 185.0112pt x 185.0112pt>
File: ../test_results/moon_6_mean_img.pdf Graphic file (type pdf)
<use ../test_results/moon_6_mean_img.pdf>
Package pdftex.def Info: ../test_results/moon_6_mean_img.pdf  used on input line 276.
(pdftex.def)             Requested size: 279.64418pt x 279.6588pt.
<../test_results/moon_8_mean_img.pdf, id=837, 185.0112pt x 185.0112pt>
File: ../test_results/moon_8_mean_img.pdf Graphic file (type pdf)
<use ../test_results/moon_8_mean_img.pdf>
Package pdftex.def Info: ../test_results/moon_8_mean_img.pdf  used on input line 277.
(pdftex.def)             Requested size: 279.64418pt x 279.6588pt.
<../test_results/moon_10_mean_img.pdf, id=838, 185.0112pt x 185.0112pt>
File: ../test_results/moon_10_mean_img.pdf Graphic file (type pdf)
<use ../test_results/moon_10_mean_img.pdf>
Package pdftex.def Info: ../test_results/moon_10_mean_img.pdf  used on input line 278.
(pdftex.def)             Requested size: 279.64418pt x 279.6588pt.
<../test_results/moon_mode.pdf, id=839, 462.52798pt x 346.89601pt>
File: ../test_results/moon_mode.pdf Graphic file (type pdf)
<use ../test_results/moon_mode.pdf>
Package pdftex.def Info: ../test_results/moon_mode.pdf  used on input line 281.
(pdftex.def)             Requested size: 279.64418pt x 209.74304pt.
<../test_results/moon_mode_psnr.pdf, id=840, 462.52798pt x 346.89601pt>
File: ../test_results/moon_mode_psnr.pdf Graphic file (type pdf)
<use ../test_results/moon_mode_psnr.pdf>
Package pdftex.def Info: ../test_results/moon_mode_psnr.pdf  used on input line 282.
(pdftex.def)             Requested size: 279.64418pt x 209.74304pt.
<../test_results/moon_2_mode_img.pdf, id=841, 185.0112pt x 185.0112pt>
File: ../test_results/moon_2_mode_img.pdf Graphic file (type pdf)
<use ../test_results/moon_2_mode_img.pdf>
Package pdftex.def Info: ../test_results/moon_2_mode_img.pdf  used on input line 283.
(pdftex.def)             Requested size: 279.64418pt x 279.6588pt.
<../test_results/moon_4_mode_img.pdf, id=842, 185.0112pt x 185.0112pt>
File: ../test_results/moon_4_mode_img.pdf Graphic file (type pdf)
<use ../test_results/moon_4_mode_img.pdf>
Package pdftex.def Info: ../test_results/moon_4_mode_img.pdf  used on input line 284.
(pdftex.def)             Requested size: 279.64418pt x 279.6588pt.
<../test_results/moon_6_mode_img.pdf, id=843, 185.0112pt x 185.0112pt>
File: ../test_results/moon_6_mode_img.pdf Graphic file (type pdf)
<use ../test_results/moon_6_mode_img.pdf>
Package pdftex.def Info: ../test_results/moon_6_mode_img.pdf  used on input line 285.
(pdftex.def)             Requested size: 279.64418pt x 279.6588pt.
<../test_results/moon_8_mode_img.pdf, id=844, 185.0112pt x 185.0112pt>
File: ../test_results/moon_8_mode_img.pdf Graphic file (type pdf)
<use ../test_results/moon_8_mode_img.pdf>
Package pdftex.def Info: ../test_results/moon_8_mode_img.pdf  used on input line 286.
(pdftex.def)             Requested size: 279.64418pt x 279.6588pt.
<../test_results/moon_10_mode_img.pdf, id=845, 185.0112pt x 185.0112pt>
File: ../test_results/moon_10_mode_img.pdf Graphic file (type pdf)
<use ../test_results/moon_10_mode_img.pdf>
Package pdftex.def Info: ../test_results/moon_10_mode_img.pdf  used on input line 287.
(pdftex.def)             Requested size: 279.64418pt x 279.6588pt.
<../test_results/peppers_mean.pdf, id=846, 462.52798pt x 346.89601pt>
File: ../test_results/peppers_mean.pdf Graphic file (type pdf)
<use ../test_results/peppers_mean.pdf>
Package pdftex.def Info: ../test_results/peppers_mean.pdf  used on input line 311.
(pdftex.def)             Requested size: 279.64418pt x 209.74304pt.
<../test_results/peppers_mean_psnr.pdf, id=847, 462.52798pt x 346.89601pt>
File: ../test_results/peppers_mean_psnr.pdf Graphic file (type pdf)
<use ../test_results/peppers_mean_psnr.pdf>
Package pdftex.def Info: ../test_results/peppers_mean_psnr.pdf  used on input line 312.
(pdftex.def)             Requested size: 279.64418pt x 209.74304pt.
<../test_results/peppers_2_mean_img.pdf, id=848, 370.02242pt x 370.02242pt>
File: ../test_results/peppers_2_mean_img.pdf Graphic file (type pdf)
<use ../test_results/peppers_2_mean_img.pdf>
Package pdftex.def Info: ../test_results/peppers_2_mean_img.pdf  used on input line 313.
(pdftex.def)             Requested size: 279.64418pt x 279.65598pt.
<../test_results/peppers_4_mean_img.pdf, id=849, 370.02242pt x 370.02242pt>
File: ../test_results/peppers_4_mean_img.pdf Graphic file (type pdf)
<use ../test_results/peppers_4_mean_img.pdf>
Package pdftex.def Info: ../test_results/peppers_4_mean_img.pdf  used on input line 314.
(pdftex.def)             Requested size: 279.64418pt x 279.65598pt.
<../test_results/peppers_6_mean_img.pdf, id=850, 370.02242pt x 370.02242pt>
File: ../test_results/peppers_6_mean_img.pdf Graphic file (type pdf)
<use ../test_results/peppers_6_mean_img.pdf>
Package pdftex.def Info: ../test_results/peppers_6_mean_img.pdf  used on input line 315.
(pdftex.def)             Requested size: 279.64418pt x 279.65598pt.
<../test_results/peppers_8_mean_img.pdf, id=851, 370.02242pt x 370.02242pt>
File: ../test_results/peppers_8_mean_img.pdf Graphic file (type pdf)
<use ../test_results/peppers_8_mean_img.pdf>
Package pdftex.def Info: ../test_results/peppers_8_mean_img.pdf  used on input line 316.
(pdftex.def)             Requested size: 279.64418pt x 279.65598pt.
<../test_results/peppers_10_mean_img.pdf, id=852, 370.02242pt x 370.02242pt>
File: ../test_results/peppers_10_mean_img.pdf Graphic file (type pdf)
<use ../test_results/peppers_10_mean_img.pdf>
Package pdftex.def Info: ../test_results/peppers_10_mean_img.pdf  used on input line 317.
(pdftex.def)             Requested size: 279.64418pt x 279.65598pt.
<../test_results/peppers_mode.pdf, id=853, 462.52798pt x 346.89601pt>
File: ../test_results/peppers_mode.pdf Graphic file (type pdf)
<use ../test_results/peppers_mode.pdf>
Package pdftex.def Info: ../test_results/peppers_mode.pdf  used on input line 320.
(pdftex.def)             Requested size: 279.64418pt x 209.74304pt.
<../test_results/peppers_mode_psnr.pdf, id=854, 462.52798pt x 346.89601pt>
File: ../test_results/peppers_mode_psnr.pdf Graphic file (type pdf)
<use ../test_results/peppers_mode_psnr.pdf>
Package pdftex.def Info: ../test_results/peppers_mode_psnr.pdf  used on input line 321.
(pdftex.def)             Requested size: 279.64418pt x 209.74304pt.
<../test_results/peppers_2_mode_img.pdf, id=855, 370.02242pt x 370.02242pt>
File: ../test_results/peppers_2_mode_img.pdf Graphic file (type pdf)
<use ../test_results/peppers_2_mode_img.pdf>
Package pdftex.def Info: ../test_results/peppers_2_mode_img.pdf  used on input line 322.
(pdftex.def)             Requested size: 279.64418pt x 279.65598pt.
<../test_results/peppers_4_mode_img.pdf, id=856, 370.02242pt x 370.02242pt>
File: ../test_results/peppers_4_mode_img.pdf Graphic file (type pdf)
<use ../test_results/peppers_4_mode_img.pdf>
Package pdftex.def Info: ../test_results/peppers_4_mode_img.pdf  used on input line 323.
(pdftex.def)             Requested size: 279.64418pt x 279.65598pt.
<../test_results/peppers_6_mode_img.pdf, id=857, 370.02242pt x 370.02242pt>
File: ../test_results/peppers_6_mode_img.pdf Graphic file (type pdf)
<use ../test_results/peppers_6_mode_img.pdf>
Package pdftex.def Info: ../test_results/peppers_6_mode_img.pdf  used on input line 324.
(pdftex.def)             Requested size: 279.64418pt x 279.65598pt.
<../test_results/peppers_8_mode_img.pdf, id=858, 370.02242pt x 370.02242pt>
File: ../test_results/peppers_8_mode_img.pdf Graphic file (type pdf)
<use ../test_results/peppers_8_mode_img.pdf>
Package pdftex.def Info: ../test_results/peppers_8_mode_img.pdf  used on input line 325.
(pdftex.def)             Requested size: 279.64418pt x 279.65598pt.
<../test_results/peppers_10_mode_img.pdf, id=859, 370.02242pt x 370.02242pt>
File: ../test_results/peppers_10_mode_img.pdf Graphic file (type pdf)
<use ../test_results/peppers_10_mode_img.pdf>
Package pdftex.def Info: ../test_results/peppers_10_mode_img.pdf  used on input line 326.
(pdftex.def)             Requested size: 279.64418pt x 279.65598pt.
 [2 <../test_results/jet_mean.pdf> <../test_results/jet_mean_psnr.pdf> <../test_results/jet_2_mean_img.pdf> <../test_results/jet_4_mean_img.pdf> <../test_results/jet_6_mean_img.pdf> <../test_results/jet_8_mean_img.pdf> <../test_results/jet_10_mean_img.pdf> <../test_results/jet_mode.pdf> <../test_results/jet_mode_psnr.pdf> <../test_results/jet_2_mode_img.pdf> <../test_results/jet_4_mode_img.pdf> <../test_results/jet_6_mode_img.pdf> <../test_results/jet_8_mode_img.pdf> <../test_results/jet_10_mode_img.pdf> <../test_results/lena_mean.pdf> <../test_results/lena_mean_psnr.pdf> <../test_results/lena_2_mean_img.pdf> <../test_results/lena_4_mean_img.pdf> <../test_results/lena_6_mean_img.pdf> <../test_results/lena_8_mean_img.pdf> <../test_results/lena_10_mean_img.pdf> <../test_results/lena_mode.pdf> <../test_results/lena_mode_psnr.pdf> <../test_results/lena_2_mode_img.pdf> <../test_results/lena_4_mode_img.pdf> <../test_results/lena_6_mode_img.pdf> <../test_results/lena_8_mode_img.pdf> <../test_results/lena_10_mode_img.pdf> <../test_results/moon_mean.pdf> <../test_results/moon_mean_psnr.pdf> <../test_results/moon_2_mean_img.pdf> <../test_results/moon_4_mean_img.pdf> <../test_results/moon_6_mean_img.pdf> <../test_results/moon_8_mean_img.pdf> <../test_results/moon_10_mean_img.pdf> <../test_results/moon_mode.pdf> <../test_results/moon_mode_psnr.pdf> <../test_results/moon_2_mode_img.pdf> <../test_results/moon_4_mode_img.pdf> <../test_results/moon_6_mode_img.pdf> <../test_results/moon_8_mode_img.pdf> <../test_results/moon_10_mode_img.pdf> <../test_results/peppers_mean.pdf> <../test_results/peppers_mean_psnr.pdf> <../test_results/peppers_2_mean_img.pdf> <../test_results/peppers_4_mean_img.pdf> <../test_results/peppers_6_mean_img.pdf> <../test_results/peppers_8_mean_img.pdf> <../test_results/peppers_10_mean_img.pdf> <../test_results/peppers_mode.pdf> <../test_results/peppers_mode_psnr.pdf> <../test_results/peppers_2_mode_img.pdf> <../test_results/peppers_4_mode_img.pdf> <../test_results/peppers_6_mode_img.pdf> <../test_results/peppers_8_mode_img.pdf> <../test_results/peppers_10_mode_img.pdf>] (./compiled_pdf.aux)

LaTeX Font Warning: Size substitutions with differences
(Font)              up to 7.12pt have occurred.

 ) 
Here is how much of TeX's memory you used:
 3892 strings out of 480247
 84527 string characters out of 5896150
 368606 words of memory out of 5000000
 21710 multiletter control sequences out of 15000+600000
 472908 words of font info for 40 fonts, out of 8000000 for 9000
 14 hyphenation exceptions out of 8191
 55i,11n,62p,291b,344s stack positions out of 5000i,500n,10000p,200000b,80000s
</usr/share/texlive/texmf-dist/fonts/type1/public/amsfonts/cm/cmbx12.pfb></usr/share/texlive/texmf-dist/fonts/type1/public/amsfonts/cm/cmr10.pfb>
Output written on compiled_pdf.pdf (2 pages, 3566145 bytes).
PDF statistics:
 1610 PDF objects out of 1728 (max. 8388607)
 332 compressed objects within 4 object streams
 0 named destinations out of 1000 (max. 500000)
 561 words of extra memory for PDF output out of 10000 (max. 10000000)

